  AppClass.cpp
AppClass.cpp(49): warning C4244: '+=': conversion from 'double' to 'float', possible loss of data
  Generating code
  1 of 452 functions ( 0.2%) were compiled, the rest were copied from previous compilation.
    0 functions were new in current compilation
    4 functions had inline decision re-evaluated but remain unchanged
  Finished generating code
  A07_SLERP.vcxproj -> C:\Users\Pedro DelaCuadra\Documents\ReEngineApp_2016s\Z_DELETE\A07_SLERP.exe
  A07_SLERP.vcxproj -> C:\Users\Pedro DelaCuadra\Documents\ReEngineApp_2016s\Z_DELETE\A07_SLERP.pdb (Full PDB)
  A subdirectory or file C:\Users\Pedro DelaCuadra\Documents\ReEngineApp_2016s\_Binary\ already exists.
          1 file(s) copied.
  C:\Users\Pedro DelaCuadra\Documents\ReEngineApp_2016s\include\GL\bin\glew32.dll
  C:\Users\Pedro DelaCuadra\Documents\ReEngineApp_2016s\include\GL\bin\glut32.dll
  2 File(s) copied
  C:\Users\Pedro DelaCuadra\Documents\ReEngineApp_2016s\include\RE\bin\2015\ReEng_VS15.dll
  C:\Users\Pedro DelaCuadra\Documents\ReEngineApp_2016s\include\RE\bin\2015\ReEng_VS15_d.dll
  2 File(s) copied
  C:\Users\Pedro DelaCuadra\Documents\ReEngineApp_2016s\include\SFML\bin\sfml-system-2.dll
  1 File(s) copied
  C:\Users\Pedro DelaCuadra\Documents\ReEngineApp_2016s\include\SFML\bin\sfml-window-2.dll
  1 File(s) copied
  A subdirectory or file C:\Users\Pedro DelaCuadra\Documents\ReEngineApp_2016s\_Binary\Shaders\ already exists.
  C:\Users\Pedro DelaCuadra\Documents\ReEngineApp_2016s\include\RE\Shaders\Basic.fs
  C:\Users\Pedro DelaCuadra\Documents\ReEngineApp_2016s\include\RE\Shaders\Basic.vs
  C:\Users\Pedro DelaCuadra\Documents\ReEngineApp_2016s\include\RE\Shaders\BasicColor.fs
  C:\Users\Pedro DelaCuadra\Documents\ReEngineApp_2016s\include\RE\Shaders\BasicColor.vs
  C:\Users\Pedro DelaCuadra\Documents\ReEngineApp_2016s\include\RE\Shaders\Color.fs
  C:\Users\Pedro DelaCuadra\Documents\ReEngineApp_2016s\include\RE\Shaders\Color.vs
  C:\Users\Pedro DelaCuadra\Documents\ReEngineApp_2016s\include\RE\Shaders\PassThrough.fs
  C:\Users\Pedro DelaCuadra\Documents\ReEngineApp_2016s\include\RE\Shaders\PassThrough.vs
  C:\Users\Pedro DelaCuadra\Documents\ReEngineApp_2016s\include\RE\Shaders\Phong.fs
  C:\Users\Pedro DelaCuadra\Documents\ReEngineApp_2016s\include\RE\Shaders\Phong.vs
  C:\Users\Pedro DelaCuadra\Documents\ReEngineApp_2016s\include\RE\Shaders\REShader.fs
  C:\Users\Pedro DelaCuadra\Documents\ReEngineApp_2016s\include\RE\Shaders\REShader.vs
  C:\Users\Pedro DelaCuadra\Documents\ReEngineApp_2016s\include\RE\Shaders\REShaderInv.fs
  C:\Users\Pedro DelaCuadra\Documents\ReEngineApp_2016s\include\RE\Shaders\REShaderMC.fs
  C:\Users\Pedro DelaCuadra\Documents\ReEngineApp_2016s\include\RE\Shaders\Skybox.fs
  C:\Users\Pedro DelaCuadra\Documents\ReEngineApp_2016s\include\RE\Shaders\Skybox.vs
  C:\Users\Pedro DelaCuadra\Documents\ReEngineApp_2016s\include\RE\Shaders\Test.fs
  C:\Users\Pedro DelaCuadra\Documents\ReEngineApp_2016s\include\RE\Shaders\Test.vs
  C:\Users\Pedro DelaCuadra\Documents\ReEngineApp_2016s\include\RE\Shaders\TextShader.fs
  C:\Users\Pedro DelaCuadra\Documents\ReEngineApp_2016s\include\RE\Shaders\TextShader.vs
  20 File(s) copied
