  MyBoundingBoxClass.cpp
z:\igmprofile\documents\dsa2_3dtetris\a10_boundingvolume\myboundingboxclass.cpp(15): warning C4018: '<': signed/unsigned mismatch
z:\igmprofile\documents\dsa2_3dtetris\a10_boundingvolume\myboundingboxclass.cpp(105): warning C4018: '<': signed/unsigned mismatch
  A10_BoundingVolume.vcxproj -> Z:\IGMProfile\Documents\DSA2_3DTetris\Z_DELETE\A10_BoundingVolumeD.exe
  A10_BoundingVolume.vcxproj -> Z:\IGMProfile\Documents\DSA2_3DTetris\Z_DELETE\A10_BoundingVolumeD.pdb (Full PDB)
  A subdirectory or file Z:\IGMProfile\Documents\DSA2_3DTetris\_Binary\ already exists.
  Z:\IGMProfile\Documents\DSA2_3DTetris\include\GL\bin\glew32.dll
  Z:\IGMProfile\Documents\DSA2_3DTetris\include\GL\bin\glut32.dll
  2 File(s) copied
  Z:\IGMProfile\Documents\DSA2_3DTetris\include\RE\bin\2015\ReEng_VS15.dll
  Z:\IGMProfile\Documents\DSA2_3DTetris\include\RE\bin\2015\ReEng_VS15_d.dll
  2 File(s) copied
  Z:\IGMProfile\Documents\DSA2_3DTetris\include\SFML\bin\sfml-system-2.dll
  1 File(s) copied
  Z:\IGMProfile\Documents\DSA2_3DTetris\include\SFML\bin\sfml-window-2.dll
  1 File(s) copied
  A subdirectory or file Z:\IGMProfile\Documents\DSA2_3DTetris\_Binary\Shaders\ already exists.
  Z:\IGMProfile\Documents\DSA2_3DTetris\include\RE\Shaders\Basic.fs
  Z:\IGMProfile\Documents\DSA2_3DTetris\include\RE\Shaders\Basic.vs
  Z:\IGMProfile\Documents\DSA2_3DTetris\include\RE\Shaders\BasicColor.fs
  Z:\IGMProfile\Documents\DSA2_3DTetris\include\RE\Shaders\BasicColor.vs
  Z:\IGMProfile\Documents\DSA2_3DTetris\include\RE\Shaders\Color.fs
  Z:\IGMProfile\Documents\DSA2_3DTetris\include\RE\Shaders\Color.vs
  Z:\IGMProfile\Documents\DSA2_3DTetris\include\RE\Shaders\PassThrough.fs
  Z:\IGMProfile\Documents\DSA2_3DTetris\include\RE\Shaders\PassThrough.vs
  Z:\IGMProfile\Documents\DSA2_3DTetris\include\RE\Shaders\Phong.fs
  Z:\IGMProfile\Documents\DSA2_3DTetris\include\RE\Shaders\Phong.vs
  Z:\IGMProfile\Documents\DSA2_3DTetris\include\RE\Shaders\REShader.fs
  Z:\IGMProfile\Documents\DSA2_3DTetris\include\RE\Shaders\REShader.vs
  Z:\IGMProfile\Documents\DSA2_3DTetris\include\RE\Shaders\REShaderInv.fs
  Z:\IGMProfile\Documents\DSA2_3DTetris\include\RE\Shaders\REShaderMC.fs
  Z:\IGMProfile\Documents\DSA2_3DTetris\include\RE\Shaders\Skybox.fs
  Z:\IGMProfile\Documents\DSA2_3DTetris\include\RE\Shaders\Skybox.vs
  Z:\IGMProfile\Documents\DSA2_3DTetris\include\RE\Shaders\Test.fs
  Z:\IGMProfile\Documents\DSA2_3DTetris\include\RE\Shaders\Test.vs
  Z:\IGMProfile\Documents\DSA2_3DTetris\include\RE\Shaders\TextShader.fs
  Z:\IGMProfile\Documents\DSA2_3DTetris\include\RE\Shaders\TextShader.vs
  20 File(s) copied
