  AppClass.cpp
c:\users\pedro delacuadra\documents\reengineapp_2016s\e11_midtermpractice\appclass.cpp(14): warning C4244: 'initializing': conversion from 'double' to 'float', possible loss of data
  E11_MidtermPractice.vcxproj -> C:\Users\Pedro DelaCuadra\Documents\ReEngineApp_2016s\Z_DELETE\E11_MidtermPracticeD.exe
  E11_MidtermPractice.vcxproj -> C:\Users\Pedro DelaCuadra\Documents\ReEngineApp_2016s\Z_DELETE\E11_MidtermPracticeD.pdb (Full PDB)
  A subdirectory or file C:\Users\Pedro DelaCuadra\Documents\ReEngineApp_2016s\_Binary\ already exists.
  C:\Users\Pedro DelaCuadra\Documents\ReEngineApp_2016s\include\GL\bin\glew32.dll
  C:\Users\Pedro DelaCuadra\Documents\ReEngineApp_2016s\include\GL\bin\glut32.dll
  2 File(s) copied
  C:\Users\Pedro DelaCuadra\Documents\ReEngineApp_2016s\include\RE\bin\2015\ReEng_VS15.dll
  C:\Users\Pedro DelaCuadra\Documents\ReEngineApp_2016s\include\RE\bin\2015\ReEng_VS15_d.dll
  2 File(s) copied
  C:\Users\Pedro DelaCuadra\Documents\ReEngineApp_2016s\include\SFML\bin\sfml-system-2.dll
  1 File(s) copied
  C:\Users\Pedro DelaCuadra\Documents\ReEngineApp_2016s\include\SFML\bin\sfml-window-2.dll
  1 File(s) copied
  A subdirectory or file C:\Users\Pedro DelaCuadra\Documents\ReEngineApp_2016s\_Binary\Shaders\ already exists.
  C:\Users\Pedro DelaCuadra\Documents\ReEngineApp_2016s\include\RE\Shaders\Basic.fs
  C:\Users\Pedro DelaCuadra\Documents\ReEngineApp_2016s\include\RE\Shaders\Basic.vs
  C:\Users\Pedro DelaCuadra\Documents\ReEngineApp_2016s\include\RE\Shaders\BasicColor.fs
  C:\Users\Pedro DelaCuadra\Documents\ReEngineApp_2016s\include\RE\Shaders\BasicColor.vs
  C:\Users\Pedro DelaCuadra\Documents\ReEngineApp_2016s\include\RE\Shaders\Color.fs
  C:\Users\Pedro DelaCuadra\Documents\ReEngineApp_2016s\include\RE\Shaders\Color.vs
  C:\Users\Pedro DelaCuadra\Documents\ReEngineApp_2016s\include\RE\Shaders\PassThrough.fs
  C:\Users\Pedro DelaCuadra\Documents\ReEngineApp_2016s\include\RE\Shaders\PassThrough.vs
  C:\Users\Pedro DelaCuadra\Documents\ReEngineApp_2016s\include\RE\Shaders\Phong.fs
  C:\Users\Pedro DelaCuadra\Documents\ReEngineApp_2016s\include\RE\Shaders\Phong.vs
  C:\Users\Pedro DelaCuadra\Documents\ReEngineApp_2016s\include\RE\Shaders\REShader.fs
  C:\Users\Pedro DelaCuadra\Documents\ReEngineApp_2016s\include\RE\Shaders\REShader.vs
  C:\Users\Pedro DelaCuadra\Documents\ReEngineApp_2016s\include\RE\Shaders\REShaderInv.fs
  C:\Users\Pedro DelaCuadra\Documents\ReEngineApp_2016s\include\RE\Shaders\REShaderMC.fs
  C:\Users\Pedro DelaCuadra\Documents\ReEngineApp_2016s\include\RE\Shaders\Skybox.fs
  C:\Users\Pedro DelaCuadra\Documents\ReEngineApp_2016s\include\RE\Shaders\Skybox.vs
  C:\Users\Pedro DelaCuadra\Documents\ReEngineApp_2016s\include\RE\Shaders\Test.fs
  C:\Users\Pedro DelaCuadra\Documents\ReEngineApp_2016s\include\RE\Shaders\Test.vs
  C:\Users\Pedro DelaCuadra\Documents\ReEngineApp_2016s\include\RE\Shaders\TextShader.fs
  C:\Users\Pedro DelaCuadra\Documents\ReEngineApp_2016s\include\RE\Shaders\TextShader.vs
  20 File(s) copied
